<?xml version="1.0" encoding="UTF-8"?>
<testsuite xmlns:xsi="http://www.w3.org/2001/XMLSchema-instance" xsi:noNamespaceSchemaLocation="https://maven.apache.org/surefire/maven-surefire-plugin/xsd/surefire-test-report.xsd" name="primerproyecto.AppTest" time="0.143" tests="1" errors="0" skipped="0" failures="0">
  <properties>
    <property name="awt.toolkit" value="sun.awt.X11.XToolkit"/>
    <property name="java.specification.version" value="11"/>
    <property name="sun.cpu.isalist" value=""/>
    <property name="sun.jnu.encoding" value="UTF-8"/>
    <property name="java.class.path" value="/home/joacontreras/Documents/GitHub/DesarrolloDeHerramientasDeSoftware/primerproyecto/target/test-classes:/home/joacontreras/Documents/GitHub/DesarrolloDeHerramientasDeSoftware/primerproyecto/target/classes:/home/joacontreras/.m2/repository/org/antlr/antlr4/4.8/antlr4-4.8.jar:/home/joacontreras/.m2/repository/org/antlr/antlr4-runtime/4.8/antlr4-runtime-4.8.jar:/home/joacontreras/.m2/repository/org/antlr/antlr-runtime/3.5.2/antlr-runtime-3.5.2.jar:/home/joacontreras/.m2/repository/org/antlr/ST4/4.3/ST4-4.3.jar:/home/joacontreras/.m2/repository/org/abego/treelayout/org.abego.treelayout.core/1.0.3/org.abego.treelayout.core-1.0.3.jar:/home/joacontreras/.m2/repository/org/glassfish/javax.json/1.0.4/javax.json-1.0.4.jar:/home/joacontreras/.m2/repository/com/ibm/icu/icu4j/61.1/icu4j-61.1.jar:/home/joacontreras/.m2/repository/junit/junit/4.13.2/junit-4.13.2.jar:/home/joacontreras/.m2/repository/org/hamcrest/hamcrest-core/1.3/hamcrest-core-1.3.jar:"/>
    <property name="java.vm.vendor" value="Ubuntu"/>
    <property name="sun.arch.data.model" value="64"/>
    <property name="java.vendor.url" value="https://ubuntu.com/"/>
    <property name="user.timezone" value=""/>
    <property name="java.vm.specification.version" value="11"/>
    <property name="os.name" value="Linux"/>
    <property name="sun.java.launcher" value="SUN_STANDARD"/>
    <property name="user.country" value="US"/>
    <property name="sun.boot.library.path" value="/usr/lib/jvm/java-11-openjdk-amd64/lib"/>
    <property name="sun.java.command" value="/home/joacontreras/Documents/GitHub/DesarrolloDeHerramientasDeSoftware/primerproyecto/target/surefire/surefirebooter8355132710892574287.jar /home/joacontreras/Documents/GitHub/DesarrolloDeHerramientasDeSoftware/primerproyecto/target/surefire 2025-09-15T00-41-37_300-jvmRun1 surefire6249159274924518626tmp surefire_011778225701695197005tmp"/>
    <property name="jdk.debug" value="release"/>
    <property name="surefire.test.class.path" value="/home/joacontreras/Documents/GitHub/DesarrolloDeHerramientasDeSoftware/primerproyecto/target/test-classes:/home/joacontreras/Documents/GitHub/DesarrolloDeHerramientasDeSoftware/primerproyecto/target/classes:/home/joacontreras/.m2/repository/org/antlr/antlr4/4.8/antlr4-4.8.jar:/home/joacontreras/.m2/repository/org/antlr/antlr4-runtime/4.8/antlr4-runtime-4.8.jar:/home/joacontreras/.m2/repository/org/antlr/antlr-runtime/3.5.2/antlr-runtime-3.5.2.jar:/home/joacontreras/.m2/repository/org/antlr/ST4/4.3/ST4-4.3.jar:/home/joacontreras/.m2/repository/org/abego/treelayout/org.abego.treelayout.core/1.0.3/org.abego.treelayout.core-1.0.3.jar:/home/joacontreras/.m2/repository/org/glassfish/javax.json/1.0.4/javax.json-1.0.4.jar:/home/joacontreras/.m2/repository/com/ibm/icu/icu4j/61.1/icu4j-61.1.jar:/home/joacontreras/.m2/repository/junit/junit/4.13.2/junit-4.13.2.jar:/home/joacontreras/.m2/repository/org/hamcrest/hamcrest-core/1.3/hamcrest-core-1.3.jar:"/>
    <property name="sun.cpu.endian" value="little"/>
    <property name="user.home" value="/home/joacontreras"/>
    <property name="user.language" value="en"/>
    <property name="java.specification.vendor" value="Oracle Corporation"/>
    <property name="java.version.date" value="2025-07-15"/>
    <property name="java.home" value="/usr/lib/jvm/java-11-openjdk-amd64"/>
    <property name="file.separator" value="/"/>
    <property name="basedir" value="/home/joacontreras/Documents/GitHub/DesarrolloDeHerramientasDeSoftware/primerproyecto"/>
    <property name="java.vm.compressedOopsMode" value="32-bit"/>
    <property name="line.separator" value="&#10;"/>
    <property name="java.specification.name" value="Java Platform API Specification"/>
    <property name="java.vm.specification.vendor" value="Oracle Corporation"/>
    <property name="java.awt.graphicsenv" value="sun.awt.X11GraphicsEnvironment"/>
    <property name="surefire.real.class.path" value="/home/joacontreras/Documents/GitHub/DesarrolloDeHerramientasDeSoftware/primerproyecto/target/surefire/surefirebooter8355132710892574287.jar"/>
    <property name="sun.management.compiler" value="HotSpot 64-Bit Tiered Compilers"/>
    <property name="java.runtime.version" value="11.0.28+6-post-Ubuntu-1ubuntu124.04.1"/>
    <property name="user.name" value="joacontreras"/>
    <property name="path.separator" value=":"/>
    <property name="os.version" value="6.14.0-29-generic"/>
    <property name="java.runtime.name" value="OpenJDK Runtime Environment"/>
    <property name="file.encoding" value="UTF-8"/>
    <property name="java.vm.name" value="OpenJDK 64-Bit Server VM"/>
    <property name="localRepository" value="/home/joacontreras/.m2/repository"/>
    <property name="java.vendor.url.bug" value="https://bugs.launchpad.net/ubuntu/+source/openjdk-lts"/>
    <property name="java.io.tmpdir" value="/tmp"/>
    <property name="java.version" value="11.0.28"/>
    <property name="user.dir" value="/home/joacontreras/Documents/GitHub/DesarrolloDeHerramientasDeSoftware/primerproyecto"/>
    <property name="os.arch" value="amd64"/>
    <property name="java.vm.specification.name" value="Java Virtual Machine Specification"/>
    <property name="java.awt.printerjob" value="sun.print.PSPrinterJob"/>
    <property name="sun.os.patch.level" value="unknown"/>
    <property name="java.library.path" value="/usr/java/packages/lib:/usr/lib/x86_64-linux-gnu/jni:/lib/x86_64-linux-gnu:/usr/lib/x86_64-linux-gnu:/usr/lib/jni:/lib:/usr/lib"/>
    <property name="java.vm.info" value="mixed mode, sharing"/>
    <property name="java.vendor" value="Ubuntu"/>
    <property name="java.vm.version" value="11.0.28+6-post-Ubuntu-1ubuntu124.04.1"/>
    <property name="java.specification.maintenance.version" value="3"/>
    <property name="sun.io.unicode.encoding" value="UnicodeLittle"/>
    <property name="java.class.version" value="55.0"/>
  </properties>
  <testcase name="shouldAnswerWithTrue" classname="primerproyecto.AppTest" time="0.009"/>
</testsuite>